androidApp/build/intermediates/manifest_merge_blame_file/debug/manifest-merger-blame-debug-report.txt
1<?xml version="1.0" encoding="utf-8"?>
2<manifest xmlns:android="http://schemas.android.com/apk/res/android"
3    package="com.plcoding.translator_kmm.android"
4    android:versionCode="1"
5    android:versionName="1.0" >
6
7    <uses-sdk
8        android:minSdkVersion="24"
8-->src/main/AndroidManifest.xml
9        android:targetSdkVersion="33" />
9-->src/main/AndroidManifest.xml
10
11    <application
11-->src/main/AndroidManifest.xml:4:5-16:19
12        android:allowBackup="false"
12-->src/main/AndroidManifest.xml:5:9-36
13        android:appComponentFactory="androidx.core.app.CoreComponentFactory"
13-->[androidx.core:core:1.8.0] AndroidManifest.xml:24:18-86
14        android:debuggable="true"
15        android:extractNativeLibs="false"
16        android:supportsRtl="true"
16-->src/main/AndroidManifest.xml:6:9-35
17        android:testOnly="true"
18        android:theme="@style/AppTheme" >
18-->src/main/AndroidManifest.xml:7:9-40
19        <activity
19-->src/main/AndroidManifest.xml:8:9-15:20
20            android:name="com.plcoding.translator_kmm.android.MainActivity"
20-->src/main/AndroidManifest.xml:9:13-41
21            android:exported="true" >
21-->src/main/AndroidManifest.xml:10:13-36
22            <intent-filter>
22-->src/main/AndroidManifest.xml:11:13-14:29
23                <action android:name="android.intent.action.MAIN" />
23-->src/main/AndroidManifest.xml:12:17-69
23-->src/main/AndroidManifest.xml:12:25-66
24
25                <category android:name="android.intent.category.LAUNCHER" />
25-->src/main/AndroidManifest.xml:13:17-77
25-->src/main/AndroidManifest.xml:13:27-74
26            </intent-filter>
27        </activity>
28        <activity
28-->[androidx.compose.ui:ui-tooling:1.4.0-alpha02] AndroidManifest.xml:23:9-25:39
29            android:name="androidx.compose.ui.tooling.PreviewActivity"
29-->[androidx.compose.ui:ui-tooling:1.4.0-alpha02] AndroidManifest.xml:24:13-71
30            android:exported="true" />
30-->[androidx.compose.ui:ui-tooling:1.4.0-alpha02] AndroidManifest.xml:25:13-36
31        <activity
31-->[androidx.compose.ui:ui-test-manifest:1.4.0-alpha02] AndroidManifest.xml:23:9-25:39
32            android:name="androidx.activity.ComponentActivity"
32-->[androidx.compose.ui:ui-test-manifest:1.4.0-alpha02] AndroidManifest.xml:24:13-63
33            android:exported="true" />
33-->[androidx.compose.ui:ui-test-manifest:1.4.0-alpha02] AndroidManifest.xml:25:13-36
34
35        <provider
35-->[androidx.profileinstaller:profileinstaller:1.2.0] AndroidManifest.xml:25:9-33:20
36            android:name="androidx.startup.InitializationProvider"
36-->[androidx.profileinstaller:profileinstaller:1.2.0] AndroidManifest.xml:26:13-67
37            android:authorities="com.plcoding.translator_kmm.android.androidx-startup"
37-->[androidx.profileinstaller:profileinstaller:1.2.0] AndroidManifest.xml:27:13-68
38            android:exported="false" >
38-->[androidx.profileinstaller:profileinstaller:1.2.0] AndroidManifest.xml:28:13-37
39            <meta-data
39-->[androidx.profileinstaller:profileinstaller:1.2.0] AndroidManifest.xml:30:13-32:52
40                android:name="androidx.profileinstaller.ProfileInstallerInitializer"
40-->[androidx.profileinstaller:profileinstaller:1.2.0] AndroidManifest.xml:31:17-85
41                android:value="androidx.startup" />
41-->[androidx.profileinstaller:profileinstaller:1.2.0] AndroidManifest.xml:32:17-49
42        </provider>
43
44        <receiver
44-->[androidx.profileinstaller:profileinstaller:1.2.0] AndroidManifest.xml:35:9-47:20
45            android:name="androidx.profileinstaller.ProfileInstallReceiver"
45-->[androidx.profileinstaller:profileinstaller:1.2.0] AndroidManifest.xml:36:13-76
46            android:directBootAware="false"
46-->[androidx.profileinstaller:profileinstaller:1.2.0] AndroidManifest.xml:37:13-44
47            android:enabled="true"
47-->[androidx.profileinstaller:profileinstaller:1.2.0] AndroidManifest.xml:38:13-35
48            android:exported="true"
48-->[androidx.profileinstaller:profileinstaller:1.2.0] AndroidManifest.xml:39:13-36
49            android:permission="android.permission.DUMP" >
49-->[androidx.profileinstaller:profileinstaller:1.2.0] AndroidManifest.xml:40:13-57
50            <intent-filter>
50-->[androidx.profileinstaller:profileinstaller:1.2.0] AndroidManifest.xml:41:13-43:29
51                <action android:name="androidx.profileinstaller.action.INSTALL_PROFILE" />
51-->[androidx.profileinstaller:profileinstaller:1.2.0] AndroidManifest.xml:42:17-91
51-->[androidx.profileinstaller:profileinstaller:1.2.0] AndroidManifest.xml:42:25-88
52            </intent-filter>
53            <intent-filter>
53-->[androidx.profileinstaller:profileinstaller:1.2.0] AndroidManifest.xml:44:13-46:29
54                <action android:name="androidx.profileinstaller.action.SKIP_FILE" />
54-->[androidx.profileinstaller:profileinstaller:1.2.0] AndroidManifest.xml:45:17-85
54-->[androidx.profileinstaller:profileinstaller:1.2.0] AndroidManifest.xml:45:25-82
55            </intent-filter>
56        </receiver>
57    </application>
58
59</manifest>